Ganache CLI v6.12.2 (ganache-core: 2.13.2)

Available Accounts
==================
(0) 0x62E8aD7f5C247670687DC89B01E237FFe41aa76d (100 ETH)
(1) 0x9F25Bcf128c525b9fbB644723f38c26ED50B036f (100 ETH)
(2) 0x1ca75fEcB04563cb4c08055fd9e2668f6cf15856 (100 ETH)
(3) 0xbF8e3DcD3bBc2adfaC10A2c39BE73cC2Cdc2F6Da (100 ETH)
(4) 0xec031Bcc3E28446bdC2F9EC2cD10eAaD2F448917 (100 ETH)
(5) 0x5B5C866F66F2424B61039D67A6a47Cc6Af4080DB (100 ETH)
(6) 0xf6Ac45A02cA26a2292f19c4d3b7f52117d9fb0AE (100 ETH)
(7) 0xBb0E3e3E8BBF7c1cAE14BF2725e851B53726709d (100 ETH)
(8) 0x0a88feCC55f3E3Dc70457Ba04855561343fB2B18 (100 ETH)
(9) 0x555858EA5cd0FA1893A8c5FaEb2502e3D7e7b96e (100 ETH)

Private Keys
==================
(0) 0x52b9f1b66dc9e843b2262feb628879a43c7043dbc4b3145064b424bbad0d2cda
(1) 0xe5cf80c95ce1c94bbefd579e9440f05bd8233c9dc64cdecb81047140b169b098
(2) 0x3ab86b56cd179bb3b5df155dcdabee650c3a49c7f3951c7e701480a02797aaa7
(3) 0x79b94044194716172804a1ec53080c8735b85b32cba8b58e58e13a0561cc8fc0
(4) 0x3b236a829cd1bb13d9d78f13fdbe6e45d4ed80886d39b28ed1e5cdd4779c129d
(5) 0xa28edda242ca378c6f5a9573e219db6b3102eed1fc1dc65e8481cd77f590a2ca
(6) 0x9a76176d70e27bdea1b9422768d553a8da48e7ed3067efa4b84ec7bd145b41af
(7) 0x89b932203042a00337c9c64217c5e02f37ad0113f3d798d743ba36c08cd82de0
(8) 0x33442f0c7074ed45210f8f853adcba7186db1853c51415d70382ad6312d77458
(9) 0x00580918d3de2a95e3304425b67776b4a237b2a348de13244d9f33427d44a50e

HD Wallet
==================
Mnemonic:      elegant access maple either decline elbow genre family circle garden dove whale
Base HD Path:  m/44'/60'/0'/0/{account_index}

Gas Price
==================
20000000000

Gas Limit
==================
6721975

Call Gas Limit
==================
9007199254740991

Listening on 127.0.0.1:8545
eth_getBalance
eth_getBalance
eth_getBalance
eth_getBalance
eth_getBalance
eth_getBalance
eth_getBalance
eth_getBalance
eth_getBalance
eth_getBalance
eth_getBalance
eth_getBalance
eth_getBalance
eth_getBalance
eth_getBalance
eth_getBalance
eth_getBalance
eth_getBalance
eth_blockNumber
eth_estimateGas
eth_getBlockByNumber
eth_gasPrice
eth_getTransactionCount
eth_chainId
eth_sendRawTransaction

  Transaction: 0x14f4d17b65b4982442ba41b88fae4ce7c81c2f244ea22964216c14e3b9ab5804
  Contract created: 0x597451f6b89583895760bf5e220c002f93d78600
  Gas usage: 2443623
  Block Number: 1
  Block Time: Thu Dec 12 2024 10:15:03 GMT+0200 (South Africa Standard Time)

eth_getTransactionByHash
eth_getTransactionReceipt
eth_blockNumber
eth_blockNumber
eth_getBalance
eth_getBalance
eth_getBalance
eth_getBalance
eth_getBalance
eth_getBalance
eth_getBalance
eth_getBalance
eth_getBalance
eth_getBalance
eth_getBlockByNumber
net_version
net_version
net_version
net_version
net_version
net_version
net_version
net_version
net_version
net_version
net_version
net_version
net_version
net_version
net_version
net_version
net_version
net_version
net_version
net_version
eth_blockNumber
eth_blockNumber
eth_getBalance
eth_blockNumber
eth_blockNumber
eth_blockNumber
eth_blockNumber
eth_blockNumber
eth_blockNumber
eth_blockNumber
eth_blockNumber
eth_blockNumber
eth_blockNumber
eth_getBalance
eth_getBalance
eth_blockNumber
eth_getCode
eth_estimateGas
eth_gasPrice
eth_call
eth_call
eth_call
eth_call
eth_getTransactionCount
eth_call
eth_call
eth_call
eth_call
eth_blockNumber
eth_blockNumber
eth_blockNumber
eth_blockNumber
eth_getBalance
eth_blockNumber
eth_getBalance
eth_estimateGas
eth_call
eth_call
eth_call
eth_call
eth_call
eth_call
eth_call
eth_call
eth_estimateGas
eth_call
eth_call
eth_call
eth_call
eth_blockNumber
eth_call
eth_call
eth_call
eth_call
eth_blockNumber
eth_blockNumber
eth_blockNumber
eth_blockNumber
eth_blockNumber
eth_blockNumber
eth_blockNumber
eth_blockNumber
eth_getBalance
eth_blockNumber
eth_call
eth_call
eth_call
eth_call
eth_call
eth_call
eth_call
eth_call
eth_blockNumber
eth_getBalance
eth_estimateGas
eth_call
eth_call
eth_call
eth_call
eth_blockNumber
eth_call
eth_call
eth_call
eth_call
eth_getBalance
eth_blockNumber
eth_blockNumber
eth_getBalance
eth_call
eth_call
eth_call
eth_call
eth_blockNumber
eth_call
eth_call
eth_call
eth_call
eth_blockNumber
net_version
net_version
net_version
net_version
eth_getBlockByNumber
eth_blockNumber
eth_blockNumber
eth_blockNumber
eth_getBalance
eth_getBalance
eth_getBalance
eth_getBalance
eth_getBalance
eth_getBalance
eth_getBalance
eth_getBalance
eth_getBalance
eth_getBalance
eth_getBalance
eth_getBalance
eth_getBalance
eth_getBalance
eth_getCode
eth_estimateGas
eth_gasPrice
eth_call
eth_call
eth_call
eth_call
eth_blockNumber
eth_call
eth_getStorageAt
eth_getStorageAt
eth_call
eth_call
eth_call
eth_call
eth_call
eth_call
eth_call
eth_blockNumber
eth_call
eth_call
eth_call
eth_call
eth_blockNumber
eth_getBalance
eth_blockNumber
eth_blockNumber
eth_blockNumber
eth_blockNumber
eth_blockNumber
eth_blockNumber
eth_blockNumber
eth_blockNumber
eth_getBalance
eth_blockNumber
eth_blockNumber
eth_getBalance
eth_estimateGas
eth_call
eth_call
eth_call
eth_call
eth_call
eth_call
eth_call
eth_call
eth_call
eth_call
eth_call
eth_call
eth_blockNumber
eth_blockNumber
eth_blockNumber
eth_blockNumber
eth_blockNumber
eth_blockNumber
eth_blockNumber
eth_blockNumber
eth_getBalance
eth_blockNumber
eth_blockNumber
eth_blockNumber
eth_blockNumber
eth_getBalance
eth_getBalance
eth_call
eth_call
eth_call
eth_call
eth_call
eth_call
eth_call
eth_call
eth_call
eth_call
eth_call
eth_call
eth_blockNumber
eth_blockNumber
eth_blockNumber
eth_blockNumber
eth_blockNumber
eth_getBalance
eth_estimateGas
eth_call
eth_call
eth_call
eth_call
eth_blockNumber
eth_call
eth_call
eth_call
eth_call
eth_call
eth_call
eth_call
eth_call
eth_blockNumber
eth_blockNumber
eth_estimateGas
eth_call
eth_call
eth_call
eth_call
eth_getBalance
eth_call
eth_call
eth_call
eth_call
eth_call
eth_call
eth_call
eth_call
eth_getBalance
eth_blockNumber
eth_estimateGas
eth_call
eth_call
eth_call
eth_call
eth_call
eth_call
eth_call
eth_call
eth_blockNumber
eth_call
eth_call
eth_call
eth_call
eth_blockNumber
eth_blockNumber
eth_blockNumber
eth_getBalance
eth_estimateGas
eth_call
eth_blockNumber
eth_call
eth_call
eth_call
eth_call
eth_call
eth_call
eth_call
eth_call
eth_call
eth_call
eth_call
eth_blockNumber
eth_blockNumber
eth_getBalance
eth_blockNumber
eth_blockNumber
eth_blockNumber
eth_blockNumber
eth_blockNumber
eth_blockNumber
eth_getBalance
eth_estimateGas
eth_call
eth_call
eth_call
eth_call
eth_call
eth_call
eth_call
eth_call
eth_call
eth_call
eth_blockNumber
eth_call
eth_call
eth_call
eth_call
eth_blockNumber
eth_getBalance
eth_estimateGas
eth_call
eth_call
eth_call
eth_call
eth_call
eth_call
eth_call
eth_call
eth_blockNumber
eth_blockNumber
eth_call
eth_call
eth_call
eth_call
eth_blockNumber
eth_blockNumber
eth_call
eth_call
eth_call
eth_call
eth_call
eth_call
eth_getBalance
eth_getBalance
eth_blockNumber
eth_estimateGas
eth_call
eth_call
eth_call
eth_call
eth_call
eth_call
eth_call
eth_call
eth_getTransactionCount
eth_sendRawTransaction

  Transaction: 0x97da47f37d2b2fa685e753cf3d47ee1389387edf27a54a8d251348db0535a271
  Gas usage: 22682
  Block Number: 2
  Block Time: Thu Dec 12 2024 10:35:18 GMT+0200 (South Africa Standard Time)
  Runtime Error: revert
  Revert reason: Minimum bet is the current price

eth_call
eth_call
eth_call
eth_call
eth_blockNumber
eth_blockNumber
eth_getCode
eth_getBlockByNumber
eth_estimateGas
eth_gasPrice
eth_call
eth_call
eth_call
eth_call
eth_blockNumber
eth_getBalance
eth_getBalance
eth_getBalance
eth_getBalance
eth_getBalance
eth_getBalance
eth_getBalance
eth_getBalance
eth_getBalance
eth_getBalance
eth_getBalance
eth_getBalance
eth_getBalance
eth_getBalance
eth_blockNumber
eth_call
eth_getStorageAt
eth_getStorageAt
eth_call
eth_call
eth_call
eth_getTransactionCount
eth_sendRawTransaction

  Transaction: 0xf5059fa988441fb8eb9df2859380ac86cc24bbcd9660d60a3b95c8cf5fcf60c3
  Gas usage: 22682
  Block Number: 3
  Block Time: Thu Dec 12 2024 10:35:44 GMT+0200 (South Africa Standard Time)
  Runtime Error: revert
  Revert reason: Minimum bet is the current price

eth_call
eth_call
eth_call
eth_call
eth_blockNumber
eth_getBalance
eth_getBalance
eth_blockNumber
eth_getCode
eth_getBlockByNumber
eth_estimateGas
eth_gasPrice
eth_call
eth_call
eth_call
eth_call
eth_blockNumber
eth_getBalance
eth_getBalance
eth_getBalance
eth_getBalance
eth_getBalance
eth_getBalance
eth_getBalance
eth_getBalance
eth_getBalance
eth_getBalance
eth_getBalance
eth_getBalance
eth_getBalance
eth_getBalance
eth_blockNumber
eth_call
eth_getStorageAt
eth_getStorageAt
eth_call
eth_call
eth_call
eth_getTransactionCount
eth_sendRawTransaction

  Transaction: 0xba89b0f481bf573c6c35d48134b42828852ad2e6c03cdafe11fc543a235698c3
  Gas usage: 22682
  Block Number: 4
  Block Time: Thu Dec 12 2024 10:37:29 GMT+0200 (South Africa Standard Time)
  Runtime Error: revert
  Revert reason: Minimum bet is the current price

eth_call
eth_call
eth_call
eth_call
eth_blockNumber
eth_getCode
eth_getBlockByNumber
eth_estimateGas
eth_gasPrice
eth_call
eth_call
eth_call
eth_call
eth_blockNumber
eth_getBalance
eth_getBalance
eth_getBalance
eth_getBalance
eth_getBalance
eth_getBalance
eth_getBalance
eth_getBalance
eth_getBalance
eth_getBalance
eth_getBalance
eth_getBalance
eth_getBalance
eth_getBalance
eth_blockNumber
eth_call
eth_getStorageAt
eth_getStorageAt
eth_call
eth_call
eth_call
eth_call
eth_call
eth_call
eth_call
eth_estimateGas
eth_call
eth_call
eth_call
eth_call
eth_call
eth_call
eth_call
eth_call
eth_call
eth_call
eth_call
eth_call
eth_call
eth_call
eth_call
eth_call
eth_call
eth_call
eth_call
eth_call
eth_call
eth_call
eth_call
eth_call
eth_call
eth_call
eth_call
eth_call
eth_call
eth_call
eth_call
eth_call
eth_getTransactionCount
eth_sendRawTransaction

  Transaction: 0x6c987759142da5faf9bd776982b6cb17b74d644d7d36f3a3600b2ec7b60bbeb7
  Gas usage: 24141
  Block Number: 5
  Block Time: Thu Dec 12 2024 10:38:02 GMT+0200 (South Africa Standard Time)

eth_call
eth_call
eth_call
eth_call
eth_blockNumber
eth_getTransactionReceipt
eth_getBlockByHash
eth_call
eth_call
eth_call
eth_call
eth_getCode
eth_getBlockByNumber
eth_estimateGas
eth_gasPrice
eth_call
eth_call
eth_call
eth_call
eth_blockNumber
eth_getBalance
eth_getBalance
eth_getBalance
eth_getBalance
eth_getBalance
eth_getBalance
eth_getBalance
eth_getBalance
eth_getBalance
eth_getBalance
eth_getBalance
eth_getBalance
eth_getBalance
eth_getBalance
eth_blockNumber
eth_call
eth_getStorageAt
eth_getStorageAt
eth_call
eth_call
eth_call
eth_getTransactionCount
eth_sendRawTransaction

  Transaction: 0xf6690865e7a2c13f1064b4eb03393d267f9c71eccbe21d73054989a5a7db06ce
  Gas usage: 22682
  Block Number: 6
  Block Time: Thu Dec 12 2024 10:38:24 GMT+0200 (South Africa Standard Time)
  Runtime Error: revert
  Revert reason: Minimum bet is the current price

eth_call
eth_call
eth_call
eth_call
eth_blockNumber
eth_getCode
eth_getBlockByNumber
eth_estimateGas
eth_gasPrice
eth_call
eth_call
eth_call
eth_call
eth_blockNumber
eth_getBalance
eth_getBalance
eth_getBalance
eth_getBalance
eth_getBalance
eth_getBalance
eth_getBalance
eth_getBalance
eth_getBalance
eth_getBalance
eth_getBalance
eth_getBalance
eth_getBalance
eth_getBalance
eth_blockNumber
eth_call
eth_getStorageAt
eth_getStorageAt
eth_call
eth_call
eth_call
eth_getTransactionCount
eth_sendRawTransaction

  Transaction: 0xab4f7b084ab20ddd470109e7800e95102fb4e9eaa550878166dbf6bc5b5793d2
  Gas usage: 22682
  Block Number: 7
  Block Time: Thu Dec 12 2024 10:38:56 GMT+0200 (South Africa Standard Time)
  Runtime Error: revert
  Revert reason: Minimum bet is the current price

eth_call
eth_call
eth_call
eth_call
eth_estimateGas
eth_call
eth_call
eth_call
eth_call
eth_call
eth_call
eth_call
eth_call
eth_sendRawTransaction
eth_call
eth_call
eth_call
eth_call
eth_blockNumber
eth_getBalance
eth_getBalance
eth_blockNumber
eth_getCode
eth_getBlockByNumber
eth_estimateGas
eth_gasPrice
eth_call
eth_call
eth_call
eth_call
eth_blockNumber
eth_getBalance
eth_getBalance
eth_getBalance
eth_getBalance
eth_getBalance
eth_getBalance
eth_getBalance
eth_getBalance
eth_getBalance
eth_getBalance
eth_getBalance
eth_getBalance
eth_getBalance
eth_getBalance
eth_blockNumber
eth_call
eth_getStorageAt
eth_getStorageAt
eth_call
eth_call
eth_call
eth_call
eth_call
eth_call
eth_call
eth_estimateGas
eth_call
eth_call
eth_call
eth_call
eth_call
eth_call
eth_call
eth_call
eth_call
eth_call
eth_call
eth_call
eth_getBalance
eth_estimateGas
eth_call
eth_call
eth_call
eth_call
eth_call
eth_call
eth_call
eth_call
eth_getTransactionCount
eth_sendRawTransaction

  Transaction: 0xf3afccab3331a0e04c3bd393aa806934015489179072302a0ee8eb1313ba89a4
  Gas usage: 22682
  Block Number: 8
  Block Time: Thu Dec 12 2024 10:40:08 GMT+0200 (South Africa Standard Time)
  Runtime Error: revert
  Revert reason: Minimum bet is the current price

eth_call
eth_call
eth_call
eth_call
eth_blockNumber
eth_blockNumber
eth_getCode
eth_getBlockByNumber
eth_estimateGas
eth_gasPrice
eth_call
eth_call
eth_call
eth_call
eth_blockNumber
eth_getBalance
eth_getBalance
eth_getBalance
eth_getBalance
eth_getBalance
eth_getBalance
eth_getBalance
eth_getBalance
eth_getBalance
eth_getBalance
eth_getBalance
eth_getBalance
eth_getBalance
eth_getBalance
eth_blockNumber
eth_call
eth_getStorageAt
eth_getStorageAt
eth_call
eth_call
eth_call
eth_getTransactionCount
eth_sendRawTransaction

  Transaction: 0x15585e5853e4e35080885d76d8734fe6ee3dd5a89b6fe6349e76541628c06c1a
  Gas usage: 22682
  Block Number: 9
  Block Time: Thu Dec 12 2024 10:44:38 GMT+0200 (South Africa Standard Time)
  Runtime Error: revert
  Revert reason: Minimum bet is the current price

eth_call
eth_call
eth_call
eth_call
eth_blockNumber
eth_blockNumber
eth_getCode
eth_getBlockByNumber
eth_estimateGas
eth_gasPrice
eth_call
eth_call
eth_call
eth_call
eth_blockNumber
eth_getBalance
eth_getBalance
eth_getBalance
eth_getBalance
eth_getBalance
eth_getBalance
eth_getBalance
eth_getBalance
eth_getBalance
eth_getBalance
eth_getBalance
eth_getBalance
eth_getBalance
eth_getBalance
eth_blockNumber
eth_call
eth_getStorageAt
eth_getStorageAt
eth_call
eth_call
eth_call
eth_getTransactionCount
eth_sendRawTransaction

  Transaction: 0x10c3b274df920b6fc494c0aa7c72a4ba90a9a502a04af5d64c36a52fed007e01
  Gas usage: 22682
  Block Number: 10
  Block Time: Thu Dec 12 2024 10:45:44 GMT+0200 (South Africa Standard Time)
  Runtime Error: revert
  Revert reason: Minimum bet is the current price

eth_call
eth_call
eth_call
eth_call
eth_estimateGas
eth_call
eth_call
eth_call
eth_call
eth_call
eth_call
eth_call
eth_call
eth_sendRawTransaction
eth_call
eth_call
eth_call
eth_call
eth_blockNumber
eth_blockNumber
eth_getCode
eth_getBlockByNumber
eth_estimateGas
eth_gasPrice
eth_call
eth_call
eth_call
eth_call
eth_blockNumber
eth_getBalance
eth_getBalance
eth_getBalance
eth_getBalance
eth_getBalance
eth_getBalance
eth_getBalance
eth_getBalance
eth_getBalance
eth_getBalance
eth_getBalance
eth_getBalance
eth_getBalance
eth_getBalance
eth_blockNumber
eth_call
eth_getStorageAt
eth_getStorageAt
eth_call
eth_call
eth_call
eth_getTransactionCount
eth_sendRawTransaction

  Transaction: 0x42360522dedf37a1cc1ce6877678fc819aaf54be75f983b2676a9d7a48628f12
  Gas usage: 22682
  Block Number: 11
  Block Time: Thu Dec 12 2024 10:47:16 GMT+0200 (South Africa Standard Time)
  Runtime Error: revert
  Revert reason: Minimum bet is the current price

eth_call
eth_call
eth_call
eth_call
eth_estimateGas
eth_call
eth_call
eth_call
eth_call
eth_call
eth_call
eth_call
eth_call
eth_sendRawTransaction
eth_call
eth_call
eth_call
eth_call
eth_blockNumber
eth_blockNumber
eth_getCode
eth_getBlockByNumber
eth_estimateGas
eth_gasPrice
eth_call
eth_call
eth_call
eth_call
eth_blockNumber
eth_getBalance
eth_getBalance
eth_getBalance
eth_getBalance
eth_getBalance
eth_getBalance
eth_getBalance
eth_getBalance
eth_getBalance
eth_getBalance
eth_getBalance
eth_getBalance
eth_getBalance
eth_getBalance
eth_blockNumber
eth_call
eth_getStorageAt
eth_getStorageAt
eth_call
eth_call
eth_call
eth_getTransactionCount
eth_sendRawTransaction

  Transaction: 0x30962d2c25ee7479ae874568b393ea94ee971d7239a6a37dd69009445103868f
  Gas usage: 22682
  Block Number: 12
  Block Time: Thu Dec 12 2024 10:48:15 GMT+0200 (South Africa Standard Time)
  Runtime Error: revert
  Revert reason: Minimum bet is the current price

eth_call
eth_call
eth_call
eth_call
eth_blockNumber
eth_blockNumber
eth_getCode
eth_getBlockByNumber
eth_estimateGas
eth_gasPrice
eth_call
eth_call
eth_call
eth_call
eth_blockNumber
eth_getBalance
eth_getBalance
eth_getBalance
eth_getBalance
eth_getBalance
eth_getBalance
eth_getBalance
eth_getBalance
eth_getBalance
eth_getBalance
eth_getBalance
eth_getBalance
eth_getBalance
eth_getBalance
eth_blockNumber
eth_call
eth_getStorageAt
eth_getStorageAt
eth_call
eth_call
eth_call
eth_call
eth_call
eth_call
eth_call
eth_estimateGas
eth_call
eth_call
eth_call
eth_call
eth_call
eth_call
eth_call
eth_call
eth_call
eth_call
eth_call
eth_call
eth_blockNumber
eth_estimateGas
eth_call
eth_call
eth_call
eth_call
eth_call
eth_call
eth_call
eth_call
eth_getTransactionCount
eth_sendRawTransaction

  Transaction: 0xcf6ea0c8f0582049662358f321bd28552a1db31e7936284b2e3bb9171b1f0755
  Gas usage: 23630
  Block Number: 13
  Block Time: Thu Dec 12 2024 10:50:02 GMT+0200 (South Africa Standard Time)
  Runtime Error: revert
  Revert reason: Previous slot not claimed

eth_call
eth_call
eth_call
eth_call
eth_blockNumber
eth_blockNumber
eth_getCode
eth_getBlockByNumber
eth_estimateGas
eth_gasPrice
eth_call
eth_call
eth_call
eth_call
eth_blockNumber
eth_getBalance
eth_getBalance
eth_getBalance
eth_getBalance
eth_getBalance
eth_getBalance
eth_getBalance
eth_getBalance
eth_getBalance
eth_getBalance
eth_getBalance
eth_getBalance
eth_getBalance
eth_getBalance
eth_blockNumber
eth_call
eth_getStorageAt
eth_getStorageAt
eth_call
eth_call
eth_call
eth_call
eth_call
eth_call
eth_call
eth_estimateGas
eth_call
eth_call
eth_call
eth_call
eth_call
eth_call
eth_call
eth_call
eth_call
eth_call
eth_call
eth_call
eth_blockNumber
eth_blockNumber
eth_blockNumber
eth_blockNumber
eth_blockNumber
eth_blockNumber
eth_blockNumber
eth_blockNumber
eth_estimateGas
eth_call
eth_call
eth_call
eth_call
eth_call
eth_call
eth_call
eth_call
eth_getTransactionCount
eth_sendRawTransaction

  Transaction: 0x87d45ebfd4eecf37315e8c11671a483e5a1d21312df6402b6fd77e3cf1336bd7
  Gas usage: 23630
  Block Number: 14
  Block Time: Thu Dec 12 2024 10:53:35 GMT+0200 (South Africa Standard Time)
  Runtime Error: revert
  Revert reason: Previous slot not claimed

eth_call
eth_call
eth_call
eth_call
eth_call
eth_call
eth_call
eth_call
eth_call
eth_call
eth_call
eth_call
eth_sendRawTransaction
eth_call
eth_call
eth_call
eth_call
eth_blockNumber
eth_blockNumber
eth_getCode
eth_getBlockByNumber
eth_estimateGas
eth_gasPrice
eth_call
eth_call
eth_call
eth_call
eth_blockNumber
eth_getBalance
eth_getBalance
eth_getBalance
eth_getBalance
eth_getBalance
eth_getBalance
eth_getBalance
eth_getBalance
eth_getBalance
eth_getBalance
eth_getBalance
eth_getBalance
eth_getBalance
eth_getBalance
eth_blockNumber
eth_call
eth_getStorageAt
eth_getStorageAt
eth_call
eth_call
eth_call
eth_call
eth_call
eth_call
eth_call
eth_estimateGas
eth_call
eth_call
eth_call
eth_call
eth_call
eth_call
eth_call
eth_call
eth_call
eth_call
eth_call
eth_call
eth_blockNumber
eth_getTransactionCount
eth_sendRawTransaction

  Transaction: 0x820314a148ff2af7b494f3c5896117413457525964e23fa48564b78cb73d6ba1
  Gas usage: 23630
  Block Number: 15
  Block Time: Thu Dec 12 2024 11:03:50 GMT+0200 (South Africa Standard Time)
  Runtime Error: revert
  Revert reason: Previous slot not claimed

eth_call
eth_call
eth_call
eth_call
eth_blockNumber
eth_blockNumber
eth_getBalance
eth_getBalance
eth_getBalance
eth_getBalance
eth_getBalance
eth_getBalance
eth_getBalance
eth_getBalance
eth_getBalance
eth_getBalance
eth_getBalance
eth_getBalance
eth_getBalance
eth_getBalance
eth_getBlockByNumber
eth_blockNumber
eth_blockNumber
eth_gasPrice
eth_getCode
eth_estimateGas
eth_call
eth_call
eth_call
eth_call
eth_blockNumber
eth_call
eth_getStorageAt
eth_getStorageAt
eth_call
eth_call
eth_call
eth_getTransactionCount
eth_sendRawTransaction

  Transaction: 0x53794eb5ae4529ca279c95bcd3a913678927b34b35d9a72417ee14f7e978bac5
  Gas usage: 23630
  Block Number: 16
  Block Time: Thu Dec 12 2024 11:15:47 GMT+0200 (South Africa Standard Time)
  Runtime Error: revert
  Revert reason: Previous slot not claimed

eth_call
eth_call
eth_call
eth_call
eth_estimateGas
eth_call
eth_call
eth_call
eth_call
eth_call
eth_call
eth_call
eth_call
eth_sendRawTransaction
eth_call
eth_call
eth_call
eth_call
eth_blockNumber
eth_blockNumber
eth_estimateGas
eth_getBlockByNumber
eth_gasPrice
eth_getTransactionCount
eth_chainId
eth_sendRawTransaction

  Transaction: 0x1d8420b6d5c435d822ca99489b58cc501a99ab7ff2dd239e6398d73a9f3cc853
  Contract created: 0xf73ea78f188ec1516434edfb80d9185a8f934baa
  Gas usage: 2443623
  Block Number: 17
  Block Time: Thu Dec 12 2024 11:18:07 GMT+0200 (South Africa Standard Time)

eth_getTransactionByHash
eth_getTransactionReceipt
eth_blockNumber
eth_blockNumber
eth_getCode
eth_getBlockByNumber
eth_estimateGas
eth_gasPrice
eth_call
eth_call
eth_call
eth_call
eth_blockNumber
eth_getBalance
eth_getBalance
eth_getBalance
eth_getBalance
eth_getBalance
eth_getBalance
eth_getBalance
eth_getBalance
eth_getBalance
eth_getBalance
eth_getBalance
eth_getBalance
eth_getBalance
eth_getBalance
eth_blockNumber
eth_call
eth_getStorageAt
eth_getStorageAt
eth_call
eth_call
eth_call
eth_getTransactionCount
eth_sendRawTransaction

  Transaction: 0xbf01bf19bd3a59dfc45f4a748ffb7d467bcf2f64c7dafba3b7f9c7f10608b05b
  Gas usage: 23630
  Block Number: 18
  Block Time: Thu Dec 12 2024 11:22:15 GMT+0200 (South Africa Standard Time)
  Runtime Error: revert
  Revert reason: Previous slot not claimed

eth_call
eth_call
eth_call
eth_call
eth_estimateGas
eth_call
eth_call
eth_call
eth_call
eth_call
eth_call
eth_call
eth_call
eth_sendRawTransaction
eth_call
eth_call
eth_call
eth_call
eth_blockNumber
eth_blockNumber
eth_getCode
eth_getBlockByNumber
eth_estimateGas
eth_gasPrice
eth_call
eth_call
eth_call
eth_call
eth_blockNumber
eth_getBalance
eth_getBalance
eth_getBalance
eth_getBalance
eth_getBalance
eth_getBalance
eth_getBalance
eth_getBalance
eth_getBalance
eth_getBalance
eth_getBalance
eth_getBalance
eth_getBalance
eth_getBalance
eth_blockNumber
eth_call
eth_getStorageAt
eth_getStorageAt
eth_call
eth_call
eth_call
eth_getTransactionCount
eth_sendRawTransaction

  Transaction: 0x76eca1a7c31a9edcfb7b91acb4a6b28b48a8937820daf0259128264344764a3f
  Gas usage: 23630
  Block Number: 19
  Block Time: Thu Dec 12 2024 11:26:12 GMT+0200 (South Africa Standard Time)
  Runtime Error: revert
  Revert reason: Previous slot not claimed

eth_call
eth_call
eth_call
eth_call
eth_estimateGas
eth_call
eth_call
eth_call
eth_call
eth_call
eth_call
eth_call
eth_call
eth_sendRawTransaction
eth_call
eth_call
eth_call
eth_call
eth_blockNumber
eth_getCode
eth_getBlockByNumber
eth_estimateGas
eth_gasPrice
eth_call
eth_call
eth_call
eth_call
eth_blockNumber
eth_getBalance
eth_getBalance
eth_getBalance
eth_getBalance
eth_getBalance
eth_getBalance
eth_getBalance
eth_getBalance
eth_getBalance
eth_getBalance
eth_getBalance
eth_getBalance
eth_getBalance
eth_getBalance
eth_blockNumber
eth_call
eth_getStorageAt
eth_getStorageAt
eth_call
eth_call
eth_call
eth_getTransactionCount
eth_sendRawTransaction

  Transaction: 0xdae43b00b95b3b4bedbfbeaa34c078ec537e9a428cf41b569cd719f7776e935a
  Gas usage: 24141
  Block Number: 20
  Block Time: Thu Dec 12 2024 11:26:43 GMT+0200 (South Africa Standard Time)

eth_call
eth_call
eth_call
eth_call
eth_call
eth_call
eth_call
eth_call
eth_call
eth_call
eth_call
eth_call
eth_sendRawTransaction

  Transaction: 0xdafcf1d2260d1bcdf2bf0a301faa093e08719d2963f788d2c35ec2fbd5439a26
  Gas usage: 24141
  Block Number: 21
  Block Time: Thu Dec 12 2024 11:26:51 GMT+0200 (South Africa Standard Time)

eth_call
eth_call
eth_call
eth_call
eth_estimateGas
eth_call
eth_call
eth_call
eth_call
eth_call
eth_call
eth_call
eth_call
eth_sendRawTransaction

  Transaction: 0x90fbfb4630f0503af7a4f466a4fda8b40e02bbb06afc2b8885c7048a17381ecd
  Gas usage: 23630
  Block Number: 22
  Block Time: Thu Dec 12 2024 11:26:55 GMT+0200 (South Africa Standard Time)
  Runtime Error: revert
  Revert reason: Previous slot not claimed

eth_call
eth_call
eth_call
eth_call
eth_blockNumber
eth_getTransactionReceipt
eth_getTransactionReceipt
eth_getBlockByHash
eth_getBlockByHash
eth_call
eth_call
eth_call
eth_call
eth_blockNumber
eth_estimateGas
eth_getBlockByNumber
eth_gasPrice
eth_getTransactionCount
eth_chainId
eth_sendRawTransaction

  Transaction: 0xc7447eb9d38aeb5b13197bf7ccde917b0aaa00cd3ab5b936207fbb0c755d73c6
  Contract created: 0xcfdf6611f890c935bc62a3fdb273adeb97f7c82d
  Gas usage: 2506218
  Block Number: 23
  Block Time: Thu Dec 12 2024 11:28:57 GMT+0200 (South Africa Standard Time)

eth_getTransactionByHash
eth_getTransactionReceipt
eth_blockNumber
eth_blockNumber
eth_getCode
eth_getBlockByNumber
eth_estimateGas
eth_gasPrice
eth_call
eth_call
eth_call
eth_call
eth_blockNumber
eth_getBalance
eth_getBalance
eth_getBalance
eth_getBalance
eth_getBalance
eth_getBalance
eth_getBalance
eth_getBalance
eth_getBalance
eth_getBalance
eth_getBalance
eth_getBalance
eth_getBalance
eth_getBalance
eth_blockNumber
eth_call
eth_getStorageAt
eth_getStorageAt
eth_call
eth_call
eth_call
eth_getTransactionCount
eth_sendRawTransaction

  Transaction: 0x2e26dc23fd655b00bbc95de26d366631fccfa59e24a211fe0a4f9115d3c935d4
  Gas usage: 23630
  Block Number: 24
  Block Time: Thu Dec 12 2024 11:29:19 GMT+0200 (South Africa Standard Time)
  Runtime Error: revert
  Revert reason: Previous slot not claimed

eth_call
eth_call
eth_call
eth_call
eth_blockNumber
eth_call
eth_call
eth_call
eth_call
eth_call
eth_blockNumber
eth_getCode
eth_getBlockByNumber
eth_estimateGas
eth_gasPrice
eth_call
eth_call
eth_call
eth_call
eth_blockNumber
eth_getBalance
eth_getBalance
eth_getBalance
eth_getBalance
eth_getBalance
eth_getBalance
eth_getBalance
eth_getBalance
eth_getBalance
eth_getBalance
eth_getTransactionCount
eth_call
eth_call
eth_call
eth_call
eth_blockNumber
eth_estimateGas
eth_call
eth_call
eth_call
eth_call
eth_sendRawTransaction

  Transaction: 0xc5793ce4f1207e7c6408ff5b1b6210a2883f422b09936836a7327ce62ef965ca
  Gas usage: 24141
  Block Number: 25
  Block Time: Thu Dec 12 2024 11:53:26 GMT+0200 (South Africa Standard Time)

eth_call
eth_call
eth_call
eth_call
eth_blockNumber
eth_getTransactionReceipt
eth_getBlockByHash
eth_call
eth_call
eth_call
eth_call
eth_getCode
eth_getBlockByNumber
eth_estimateGas
eth_gasPrice
eth_call
eth_call
eth_call
eth_call
eth_blockNumber
eth_getBalance
eth_getBalance
eth_getBalance
eth_getBalance
eth_getBalance
eth_getBalance
eth_getBalance
eth_getBalance
eth_getBalance
eth_getBalance
eth_getTransactionCount
eth_sendRawTransaction

  Transaction: 0x999e5ad63dd92ff254fbded3c4d4615f3a22e423d7eb397393accdec70e1431e
  Gas usage: 23630
  Block Number: 26
  Block Time: Thu Dec 12 2024 11:53:48 GMT+0200 (South Africa Standard Time)
  Runtime Error: revert
  Revert reason: Previous slot not claimed

eth_call
eth_call
eth_call
eth_call
eth_blockNumber
eth_blockNumber
eth_getBalance
eth_getBalance
eth_getBalance
eth_getBalance
eth_getBalance
eth_getBalance
eth_getBalance
eth_getBalance
eth_getBalance
eth_getBalance
eth_getCode
eth_getBlockByNumber
eth_estimateGas
eth_gasPrice
eth_call
eth_call
eth_call
eth_call
eth_getTransactionCount
eth_call
eth_call
eth_call
eth_call
eth_estimateGas
eth_call
eth_call
eth_call
eth_call
eth_call
eth_call
eth_call
eth_call
eth_blockNumber
eth_estimateGas
eth_call
eth_call
eth_call
eth_call
eth_call
eth_call
eth_call
eth_call
eth_estimateGas
eth_call
eth_call
eth_call
eth_call
eth_sendRawTransaction

  Transaction: 0x23c4902786da0668b9b4aca43b6fa2ddf72cb646ee40cb9bcfae41be84708dc3
  Gas usage: 24141
  Block Number: 27
  Block Time: Thu Dec 12 2024 11:54:40 GMT+0200 (South Africa Standard Time)

eth_call
eth_call
eth_call
eth_call
eth_blockNumber
eth_blockNumber
eth_getBlockByNumber
eth_getTransactionReceipt
eth_getBalance
eth_getBalance
eth_getBalance
eth_getBalance
eth_getBalance
eth_getBalance
eth_getBalance
eth_getBalance
eth_getBalance
eth_getBalance
eth_getBlockByHash
eth_call
eth_call
eth_call
eth_call
eth_gasPrice
eth_call
eth_call
eth_call
eth_call
eth_call
eth_call
eth_call
eth_call
eth_call
eth_call
eth_call
eth_call
eth_blockNumber
eth_getCode
eth_estimateGas
eth_call
eth_call
eth_call
eth_call
eth_blockNumber
eth_getTransactionCount
eth_call
eth_call
eth_call
eth_call
eth_estimateGas
eth_call
eth_call
eth_call
eth_call
eth_call
eth_call
eth_call
eth_call
eth_blockNumber
eth_blockNumber
eth_estimateGas
eth_call
eth_call
eth_call
eth_call
eth_blockNumber
eth_call
eth_call
eth_call
eth_call
eth_blockNumber
eth_blockNumber
eth_estimateGas
eth_call
eth_call
eth_call
eth_call
eth_call
eth_call
eth_call
eth_call
eth_blockNumber
eth_call
eth_call
eth_call
eth_call
eth_sendRawTransaction

  Transaction: 0x23471e6f9c3f6a08bc0e3a05fe239fd7b463d8b51246e91330c313c27da0407f
  Gas usage: 24141
  Block Number: 28
  Block Time: Thu Dec 12 2024 11:57:17 GMT+0200 (South Africa Standard Time)

eth_call
eth_call
eth_call
eth_call
eth_estimateGas
eth_call
eth_call
eth_call
eth_call
eth_call
eth_call
eth_call
eth_call
eth_blockNumber
eth_getTransactionReceipt
eth_getBlockByHash
eth_call
eth_call
eth_call
eth_call
eth_getCode
eth_getBlockByNumber
eth_estimateGas
eth_gasPrice
eth_call
eth_call
eth_call
eth_call
eth_blockNumber
eth_getBalance
eth_getBalance
eth_getBalance
eth_getBalance
eth_getBalance
eth_getBalance
eth_getBalance
eth_getBalance
eth_getBalance
eth_getBalance
eth_getTransactionCount
eth_sendRawTransaction

  Transaction: 0x88f176f21337221dfb5c50f967cdc2ccab849eff612cd227559156eba9f90106
  Gas usage: 23630
  Block Number: 29
  Block Time: Thu Dec 12 2024 11:57:53 GMT+0200 (South Africa Standard Time)
  Runtime Error: revert
  Revert reason: Previous slot not claimed

eth_call
eth_call
eth_call
eth_call
eth_blockNumber
eth_call
eth_call
eth_call
eth_call
eth_call
eth_call
eth_blockNumber
eth_getCode
eth_getBlockByNumber
eth_estimateGas
eth_gasPrice
eth_call
eth_call
eth_call
eth_call
eth_blockNumber
eth_getBalance
eth_getBalance
eth_getBalance
eth_getBalance
eth_getBalance
eth_getBalance
eth_getBalance
eth_getBalance
eth_getBalance
eth_getBalance
eth_getTransactionCount
eth_sendRawTransaction

  Transaction: 0x706dd8ae8e37b8dbc3f9474936fad045dd7ec2c9c6567c75f4d41c2d9bf3757f
  Gas usage: 23630
  Block Number: 30
  Block Time: Thu Dec 12 2024 12:08:23 GMT+0200 (South Africa Standard Time)
  Runtime Error: revert
  Revert reason: Previous slot not claimed

eth_call
eth_call
eth_call
eth_call
eth_blockNumber
eth_blockNumber
eth_getBalance
eth_getBalance
eth_getBalance
eth_getBalance
eth_getBalance
eth_getBalance
eth_getBalance
eth_getBalance
eth_getBalance
eth_getBalance
eth_getBlockByNumber
eth_getCode
eth_estimateGas
eth_gasPrice
eth_call
eth_call
eth_call
eth_call
eth_blockNumber
eth_getTransactionCount
eth_call
eth_call
eth_call
eth_call
eth_estimateGas
eth_call
eth_call
eth_call
eth_call
eth_call
eth_call
eth_call
eth_call
eth_call
eth_call
eth_call
eth_call
eth_blockNumber
eth_call
eth_call
eth_call
eth_call
eth_blockNumber
eth_blockNumber
eth_blockNumber
eth_blockNumber
eth_blockNumber
eth_blockNumber
eth_blockNumber
eth_call
eth_blockNumber
eth_estimateGas
eth_call
eth_call
eth_call
eth_call
eth_call
eth_call
eth_call
eth_call
eth_call
eth_call
eth_call
eth_call
eth_call
eth_call
eth_call
eth_call
eth_estimateGas
eth_call
eth_call
eth_call
eth_call
eth_call
eth_call
eth_call
eth_call
eth_blockNumber
eth_blockNumber
eth_estimateGas
eth_call
eth_call
eth_call
eth_call
eth_call
eth_call
eth_call
eth_call
eth_call
eth_blockNumber
eth_estimateGas
eth_call
eth_call
eth_call
eth_call
eth_call
eth_call
eth_call
eth_call
eth_blockNumber
eth_blockNumber
eth_blockNumber
eth_blockNumber
eth_blockNumber
eth_estimateGas
eth_call
eth_call
eth_call
eth_call
eth_call
eth_call
eth_call
eth_call
eth_call
eth_call
eth_call
eth_call
eth_call
eth_call
eth_call
eth_call
eth_estimateGas
eth_call
eth_call
eth_call
eth_call
eth_blockNumber
eth_call
eth_call
eth_call
eth_call
eth_blockNumber
eth_estimateGas
eth_call
eth_call
eth_call
eth_call
eth_call
eth_call
eth_call
eth_call
eth_blockNumber
eth_call
eth_estimateGas
eth_call
eth_call
eth_call
eth_call
eth_blockNumber
eth_call
eth_call
eth_call
eth_call
eth_estimateGas
eth_call
eth_call
eth_call
eth_call
eth_call
eth_call
eth_call
eth_call
eth_blockNumber
eth_estimateGas
eth_call
eth_call
eth_call
eth_call
eth_call
eth_call
eth_call
eth_call
eth_blockNumber
eth_blockNumber
eth_blockNumber
eth_call
eth_call
eth_blockNumber
eth_call
eth_call
eth_sendRawTransaction

  Transaction: 0x17566674a263560e5d21f98439d66c125bc5130a4373746023f2d34e945d0c77
  Gas usage: 24141
  Block Number: 31
  Block Time: Thu Dec 12 2024 12:18:57 GMT+0200 (South Africa Standard Time)

eth_call
eth_call
eth_call
eth_call
eth_blockNumber
eth_getTransactionReceipt
eth_getBlockByHash
eth_call
eth_call
eth_call
eth_call
eth_blockNumber
eth_getCode
eth_getBlockByNumber
eth_estimateGas
eth_gasPrice
eth_call
eth_call
eth_call
eth_call
eth_blockNumber
eth_getBalance
eth_getBalance
eth_getBalance
eth_getBalance
eth_getBalance
eth_getBalance
eth_getBalance
eth_getBalance
eth_getBalance
eth_getBalance
eth_getTransactionCount
eth_sendRawTransaction

  Transaction: 0x5ec4460291f4d98cd4cfc5a610b1a1b108d7b3b32b721fa1fe4e73152dde1744
  Gas usage: 24141
  Block Number: 32
  Block Time: Thu Dec 12 2024 12:19:51 GMT+0200 (South Africa Standard Time)

eth_call
eth_call
eth_call
eth_call
eth_blockNumber
eth_getTransactionReceipt
eth_getBlockByHash
eth_call
eth_call
eth_call
eth_call
eth_blockNumber
eth_getBalance
eth_getBalance
eth_getBalance
eth_getBalance
eth_getBalance
eth_getBalance
eth_getBalance
eth_getBalance
eth_getBalance
eth_getBalance
eth_getBlockByNumber
eth_getCode
eth_estimateGas
eth_gasPrice
eth_call
eth_call
eth_call
eth_call
eth_blockNumber
eth_getTransactionCount
eth_call
eth_call
eth_call
eth_call
eth_call
eth_blockNumber
eth_blockNumber
eth_estimateGas
eth_call
eth_call
eth_call
eth_call
eth_call
eth_call
eth_call
eth_call
eth_estimateGas
eth_call
eth_call
eth_call
eth_call
eth_call
eth_call
eth_call
eth_call
eth_blockNumber
eth_estimateGas
eth_call
eth_call
eth_call
eth_call
eth_blockNumber
eth_call
eth_call
eth_call
eth_call
eth_blockNumber
eth_blockNumber
eth_blockNumber
eth_blockNumber
eth_blockNumber
eth_estimateGas
eth_call
eth_call
eth_call
eth_call
eth_blockNumber
eth_call
eth_call
eth_call
eth_call
eth_estimateGas
eth_call
eth_call
eth_call
eth_call
eth_call
eth_call
eth_call
eth_call
eth_call
eth_call
eth_call
eth_call
eth_sendRawTransaction

  Transaction: 0xece0e8c2957fcc1b72994a13012d71890549dc3254607545a2877a4955e4bb21
  Gas usage: 24141
  Block Number: 33
  Block Time: Thu Dec 12 2024 12:26:35 GMT+0200 (South Africa Standard Time)

eth_call
eth_call
eth_call
eth_call
eth_blockNumber
eth_getTransactionReceipt
eth_getBlockByHash
eth_call
eth_call
eth_call
eth_call
eth_call
eth_call
eth_call
eth_call
eth_blockNumber
eth_getCode
eth_getBlockByNumber
eth_estimateGas
eth_gasPrice
eth_call
eth_call
eth_call
eth_call
eth_blockNumber
eth_getBalance
eth_getBalance
eth_getBalance
eth_getBalance
eth_getBalance
eth_getBalance
eth_getBalance
eth_getBalance
eth_getBalance
eth_getBalance
eth_getTransactionCount
eth_call
eth_call
eth_call
eth_call
eth_estimateGas
eth_call
eth_call
eth_call
eth_call
eth_call
eth_call
eth_call
eth_call
eth_estimateGas
eth_call
eth_call
eth_call
eth_call
eth_call
eth_call
eth_call
eth_call
eth_blockNumber
eth_call
eth_call
eth_call
eth_call
eth_blockNumber
eth_call
eth_call
eth_call
eth_call
eth_estimateGas
eth_call
eth_call
eth_call
eth_call
eth_call
eth_call
eth_call
eth_call
eth_call
eth_call
eth_call
eth_call
eth_call
eth_call
eth_call
eth_call
eth_estimateGas
eth_call
eth_call
eth_call
eth_call
eth_blockNumber
eth_call
eth_call
eth_call
eth_call
eth_estimateGas
eth_call
eth_call
eth_call
eth_call
eth_call
eth_call
eth_call
eth_call
eth_blockNumber
eth_estimateGas
eth_call
eth_call
eth_call
eth_call
eth_call
eth_call
eth_call
eth_call
eth_call
eth_call
eth_call
eth_call
eth_sendRawTransaction

  Transaction: 0x321e93a82e56c7d755281cedbd0028c8b2a1d8e20d1ce6dc5764128438f1f170
  Gas usage: 24141
  Block Number: 34
  Block Time: Thu Dec 12 2024 12:28:47 GMT+0200 (South Africa Standard Time)

eth_call
eth_call
eth_call
eth_call
eth_blockNumber
eth_getTransactionReceipt
eth_getBlockByHash
eth_call
eth_call
eth_call
eth_call
eth_blockNumber
eth_getCode
eth_getBlockByNumber
eth_estimateGas
eth_gasPrice
eth_call
eth_call
eth_call
eth_call
eth_blockNumber
eth_getBalance
eth_getBalance
eth_getBalance
eth_getBalance
eth_getBalance
eth_getBalance
eth_getBalance
eth_getBalance
eth_getBalance
eth_getBalance
eth_getTransactionCount
eth_call
eth_call
eth_call
eth_call
eth_blockNumber
eth_blockNumber
eth_call
eth_call
eth_blockNumber
eth_blockNumber
eth_call
eth_call
eth_estimateGas
eth_call
eth_call
eth_call
eth_call
eth_call
eth_call
eth_call
eth_call
eth_blockNumber
eth_blockNumber
eth_estimateGas
eth_call
eth_call
eth_call
eth_call
eth_call
eth_call
eth_call
eth_call
eth_blockNumber
eth_blockNumber
eth_call
eth_call
eth_call
eth_call
eth_blockNumber
eth_estimateGas
eth_call
eth_call
eth_call
eth_call
eth_blockNumber
eth_call
eth_call
eth_call
eth_call
eth_estimateGas
eth_call
eth_call
eth_call
eth_call
eth_call
eth_call
eth_call
eth_call
eth_blockNumber
eth_blockNumber
eth_call
eth_blockNumber
eth_blockNumber
eth_blockNumber
eth_call
eth_estimateGas
eth_call
eth_call
eth_call
eth_call
eth_call
eth_call
eth_call
eth_call
eth_blockNumber
eth_call
eth_estimateGas
eth_call
eth_call
eth_call
eth_call
eth_call
eth_call
eth_call
eth_call
eth_blockNumber
eth_estimateGas
eth_call
eth_call
eth_call
eth_call
eth_call
eth_call
eth_call
eth_call
eth_call
eth_blockNumber
eth_estimateGas
eth_call
eth_call
eth_call
eth_call
eth_blockNumber
eth_sendRawTransaction

  Transaction: 0xb9bf0b2a6bb7bc8939a8dfa9c1f9263fa6183b036420bc3e370c5774209b2385
  Gas usage: 23630
  Block Number: 35
  Block Time: Thu Dec 12 2024 12:38:06 GMT+0200 (South Africa Standard Time)
  Runtime Error: revert
  Revert reason: Previous slot not claimed

eth_call
eth_call
eth_call
eth_call
eth_blockNumber
eth_call
eth_blockNumber
eth_getCode
eth_getBlockByNumber
eth_estimateGas
eth_gasPrice
eth_call
eth_call
eth_call
eth_call
eth_blockNumber
eth_getBalance
eth_getBalance
eth_getBalance
eth_getBalance
eth_getBalance
eth_getBalance
eth_getBalance
eth_getBalance
eth_getBalance
eth_getBalance
eth_getTransactionCount
eth_call
eth_call
eth_call
eth_call
eth_blockNumber
eth_blockNumber
eth_blockNumber
eth_call
eth_estimateGas
eth_call
eth_call
eth_call
eth_call
eth_sendRawTransaction

  Transaction: 0xeabbab17db2ea9d9506807bb5ec663a964d7a74dc2b578d315bd6c9d0886512c
  Gas usage: 23630
  Block Number: 36
  Block Time: Thu Dec 12 2024 12:40:46 GMT+0200 (South Africa Standard Time)
  Runtime Error: revert
  Revert reason: Previous slot not claimed

eth_call
eth_call
eth_call
eth_call
eth_blockNumber
eth_call
eth_getCode
eth_getBlockByNumber
eth_estimateGas
eth_gasPrice
eth_call
eth_call
eth_call
eth_call
eth_blockNumber
eth_getBalance
eth_getBalance
eth_getBalance
eth_getBalance
eth_getBalance
eth_getBalance
eth_getBalance
eth_getBalance
eth_getBalance
eth_getBalance
eth_getTransactionCount
eth_call
eth_call
eth_call
eth_call
eth_blockNumber
eth_call
eth_estimateGas
eth_call
eth_call
eth_call
eth_call
eth_sendRawTransaction

  Transaction: 0xbb5580ca6d78c1f206337c96fedf04aa592fae627576a5b3bdafaedfc66ef55d
  Gas usage: 23630
  Block Number: 37
  Block Time: Thu Dec 12 2024 12:41:51 GMT+0200 (South Africa Standard Time)
  Runtime Error: revert
  Revert reason: Previous slot not claimed

eth_call
eth_call
eth_call
eth_call
eth_blockNumber
eth_getCode
eth_getBlockByNumber
eth_estimateGas
eth_gasPrice
eth_call
eth_call
eth_call
eth_call
eth_blockNumber
eth_getBalance
eth_getBalance
eth_getBalance
eth_getBalance
eth_getBalance
eth_getBalance
eth_getBalance
eth_getBalance
eth_getBalance
eth_getBalance
eth_getTransactionCount
eth_call
eth_call
eth_call
eth_call
eth_estimateGas
eth_call
eth_call
eth_call
eth_call
eth_call
eth_call
eth_call
eth_call
eth_estimateGas
eth_call
eth_call
eth_call
eth_call
eth_call
eth_call
eth_call
eth_call
eth_call
eth_estimateGas
eth_call
eth_call
eth_call
eth_call
eth_blockNumber
eth_call
eth_call
eth_call
eth_call
eth_estimateGas
eth_call
eth_call
eth_call
eth_call
eth_call
eth_call
eth_call
eth_call
eth_estimateGas
eth_call
eth_call
eth_call
eth_call
eth_call
eth_call
eth_call
eth_call
eth_blockNumber
eth_estimateGas
eth_call
eth_call
eth_call
eth_call
eth_sendRawTransaction

  Transaction: 0x5c145ae29c0508d50109c1620b8b1f7761023c92ffd9f220777af411b152e2c4
  Gas usage: 23630
  Block Number: 38
  Block Time: Thu Dec 12 2024 12:42:50 GMT+0200 (South Africa Standard Time)
  Runtime Error: revert
  Revert reason: Previous slot not claimed

eth_call
eth_call
eth_call
eth_call
eth_blockNumber
eth_getCode
eth_getBlockByNumber
eth_estimateGas
eth_gasPrice
eth_call
eth_call
eth_call
eth_call
eth_blockNumber
eth_getBalance
eth_getBalance
eth_getBalance
eth_getBalance
eth_getBalance
eth_getBalance
eth_getBalance
eth_getBalance
eth_getBalance
eth_getBalance
eth_getTransactionCount
eth_call
eth_call
eth_call
eth_call
eth_call
eth_estimateGas
eth_call
eth_call
eth_call
eth_call
eth_call
eth_call
eth_call
eth_call
eth_call
eth_estimateGas
eth_call
eth_call
eth_call
eth_call
eth_call
eth_call
eth_call
eth_call
eth_call
eth_blockNumber
eth_estimateGas
eth_call
eth_call
eth_call
eth_call
eth_call
eth_call
eth_call
eth_call
eth_estimateGas
eth_call
eth_call
eth_call
eth_call
eth_blockNumber
eth_call
eth_call
eth_call
eth_call
eth_estimateGas
eth_call
eth_call
eth_call
eth_call
eth_call
eth_call
eth_call
eth_call
eth_estimateGas
eth_call
eth_call
eth_call
eth_call
eth_call
eth_call
eth_call
eth_call
eth_blockNumber
eth_blockNumber
eth_estimateGas
eth_call
eth_call
eth_call
eth_call
eth_blockNumber
eth_sendRawTransaction

  Transaction: 0xf56dace29dd9a9915ab79bc4a6f90bb104ff6869fe0dc0801ec5347daaf80a73
  Gas usage: 23630
  Block Number: 39
  Block Time: Thu Dec 12 2024 12:44:55 GMT+0200 (South Africa Standard Time)
  Runtime Error: revert
  Revert reason: Previous slot not claimed

eth_call
eth_call
eth_call
eth_call
eth_call
eth_call
eth_call
eth_call
eth_call
eth_call
eth_call
eth_call
eth_blockNumber
eth_blockNumber
eth_getCode
eth_getBlockByNumber
eth_estimateGas
eth_gasPrice
eth_call
eth_call
eth_call
eth_call
eth_blockNumber
eth_getBalance
eth_getBalance
eth_getBalance
eth_getBalance
eth_getBalance
eth_getBalance
eth_getBalance
eth_getBalance
eth_getBalance
eth_getBalance
eth_getTransactionCount
eth_call
eth_call
eth_call
eth_call
eth_estimateGas
eth_call
eth_call
eth_call
eth_call
eth_call
eth_call
eth_call
eth_call
eth_call
eth_call
eth_call
eth_call
eth_call
eth_call
eth_call
eth_call
eth_call
eth_call
eth_call
eth_call
eth_call
eth_call
eth_call
eth_call
eth_blockNumber
eth_blockNumber
eth_blockNumber
eth_blockNumber
eth_blockNumber
eth_blockNumber
eth_blockNumber
eth_blockNumber
eth_estimateGas
eth_getBlockByNumber
eth_gasPrice
eth_getTransactionCount
eth_chainId
eth_sendRawTransaction

  Transaction: 0x1d71a0741872550c4dcb33ee48b6ee7541a4ee429014fa50de470f9a1039a8e3
  Contract created: 0x6bd1e20cf8c8c93f83d16e8fdb081d7720e65e47
  Gas usage: 2503439
  Block Number: 40
  Block Time: Thu Dec 12 2024 12:48:33 GMT+0200 (South Africa Standard Time)

eth_getTransactionByHash
eth_getTransactionReceipt
eth_blockNumber
eth_call
eth_blockNumber
eth_call
eth_call
eth_call
eth_call
eth_getCode
eth_getBlockByNumber
eth_estimateGas
eth_gasPrice
eth_call
eth_call
eth_call
eth_call
eth_blockNumber
eth_getBalance
eth_getBalance
eth_getBalance
eth_getBalance
eth_getBalance
eth_getBalance
eth_getBalance
eth_getBalance
eth_getBalance
eth_getBalance
eth_getTransactionCount
eth_call
eth_call
eth_call
eth_call
eth_call
eth_estimateGas
eth_call
eth_call
eth_call
eth_call
eth_call
eth_call
eth_call
eth_call
eth_blockNumber
eth_blockNumber
eth_estimateGas
eth_getBlockByNumber
eth_gasPrice
eth_getTransactionCount
eth_chainId
eth_sendRawTransaction

  Transaction: 0xd16ffafd88ca0b205c1f23743dfaae352dd2656cc818a5cd211ed06acb0634ad
  Contract created: 0x0b7c2c96c88642a88143654fa22edb2968452f93
  Gas usage: 2503439
  Block Number: 41
  Block Time: Thu Dec 12 2024 12:49:19 GMT+0200 (South Africa Standard Time)

eth_getTransactionByHash
eth_getTransactionReceipt
eth_blockNumber
eth_blockNumber
eth_blockNumber
eth_getCode
eth_getBlockByNumber
eth_estimateGas
eth_gasPrice
eth_call
eth_call
eth_call
eth_call
eth_blockNumber
eth_getBalance
eth_getBalance
eth_getBalance
eth_getBalance
eth_getBalance
eth_getBalance
eth_getBalance
eth_getBalance
eth_getBalance
eth_getBalance
eth_getTransactionCount
eth_sendRawTransaction

  Transaction: 0x774ac467f73a872450dd8aefe72ad3ef8050c161cafef180ea99db4429e97a15
  Gas usage: 23630
  Block Number: 42
  Block Time: Thu Dec 12 2024 12:51:45 GMT+0200 (South Africa Standard Time)
  Runtime Error: revert
  Revert reason: Previous slot not claimed

eth_call
eth_call
eth_call
eth_call
eth_estimateGas
eth_call
eth_call
eth_call
eth_call
eth_call
eth_call
eth_call
eth_call
eth_call
eth_blockNumber
eth_getCode
eth_getBlockByNumber
eth_estimateGas
eth_gasPrice
eth_call
eth_call
eth_call
eth_call
eth_blockNumber
eth_getBalance
eth_getBalance
eth_getBalance
eth_getBalance
eth_getBalance
eth_getBalance
eth_getBalance
eth_getBalance
eth_getBalance
eth_getBalance
eth_getTransactionCount
eth_blockNumber
eth_blockNumber
eth_call
eth_call
eth_call
eth_call
eth_blockNumber
eth_blockNumber
eth_blockNumber
eth_blockNumber
eth_blockNumber
eth_call
eth_estimateGas
eth_call
eth_call
eth_call
eth_call
eth_call
eth_call
eth_call
eth_call
eth_call
eth_call
eth_call
eth_call
eth_estimateGas
eth_call
eth_call
eth_call
eth_call
eth_call
eth_call
eth_call
eth_call
eth_blockNumber
eth_estimateGas
eth_call
eth_call
eth_call
eth_call
eth_call
eth_call
eth_call
eth_call
eth_estimateGas
eth_call
eth_call
eth_call
eth_call
eth_sendRawTransaction

  Transaction: 0x4c58d5e47d8295b5c7ad4cdaa7dabe19fa4a969d6e60f6af5ab5aecf3ccfeb07
  Gas usage: 23630
  Block Number: 43
  Block Time: Thu Dec 12 2024 12:54:57 GMT+0200 (South Africa Standard Time)
  Runtime Error: revert
  Revert reason: Previous slot not claimed

eth_call
eth_call
eth_call
eth_call
eth_estimateGas
eth_call
eth_call
eth_call
eth_call
eth_blockNumber
eth_getBlockByNumber
eth_getBalance
eth_getBalance
eth_getBalance
eth_getBalance
eth_getBalance
eth_getBalance
eth_getBalance
eth_getBalance
eth_getBalance
eth_getBalance
eth_call
eth_call
eth_call
eth_call
eth_getCode
eth_estimateGas
eth_gasPrice
eth_call
eth_call
eth_call
eth_call
eth_blockNumber
eth_getTransactionCount
eth_sendRawTransaction

  Transaction: 0xf7556d04fe45f2949ff0c5d319eeea11bd11b6e4737b5f9c37160b62ffcfcb24
  Gas usage: 23630
  Block Number: 44
  Block Time: Thu Dec 12 2024 12:55:13 GMT+0200 (South Africa Standard Time)
  Runtime Error: revert
  Revert reason: Previous slot not claimed

eth_call
eth_call
eth_call
eth_call
eth_blockNumber
eth_blockNumber
eth_getCode
eth_getBlockByNumber
eth_estimateGas
eth_gasPrice
eth_call
eth_call
eth_call
eth_call
eth_blockNumber
eth_getBalance
eth_getBalance
eth_getBalance
eth_getBalance
eth_getBalance
eth_getBalance
eth_getBalance
eth_getBalance
eth_getBalance
eth_getBalance
eth_getTransactionCount
eth_sendRawTransaction

  Transaction: 0x41c7995fd8f835ef251cf25d3cfc5ae672138a5d34405a1c9dee4802cb8d54a4
  Gas usage: 23630
  Block Number: 45
  Block Time: Thu Dec 12 2024 12:56:06 GMT+0200 (South Africa Standard Time)
  Runtime Error: revert
  Revert reason: Previous slot not claimed

eth_call
eth_call
eth_call
eth_call
eth_blockNumber
eth_call
eth_call
eth_blockNumber
eth_getCode
eth_getBlockByNumber
eth_estimateGas
eth_gasPrice
eth_call
eth_call
eth_call
eth_call
eth_blockNumber
eth_getBalance
eth_getBalance
eth_getBalance
eth_getBalance
eth_getBalance
eth_getBalance
eth_getBalance
eth_getBalance
eth_getBalance
eth_getBalance
eth_getTransactionCount
eth_call
eth_call
eth_call
eth_call
eth_blockNumber
eth_estimateGas
eth_call
eth_call
eth_call
eth_call
eth_call
eth_call
eth_call
eth_call
eth_call
eth_call
eth_call
eth_call
eth_call
eth_call
eth_call
eth_call
eth_call
eth_call
eth_call
eth_call
eth_call
eth_call
eth_call
eth_call
eth_blockNumber
eth_blockNumber
eth_estimateGas
eth_call
eth_call
eth_call
eth_call
eth_call
eth_call
eth_call
eth_call
eth_call
eth_estimateGas
eth_call
eth_call
eth_call
eth_call
eth_call
eth_call
eth_call
eth_call
eth_call
eth_call
eth_call
eth_call
eth_blockNumber
eth_call
eth_call
eth_call
eth_call
eth_blockNumber
eth_call
eth_call
eth_call
eth_call
eth_call
eth_call
eth_call
eth_blockNumber
eth_call
eth_call
eth_call
eth_call
eth_estimateGas
eth_call
eth_call
eth_call
eth_call
eth_call
eth_call
eth_call
eth_call
eth_blockNumber
eth_blockNumber
eth_blockNumber
eth_blockNumber
eth_blockNumber
eth_blockNumber
eth_blockNumber
eth_blockNumber
eth_blockNumber
eth_blockNumber
eth_blockNumber
eth_blockNumber
eth_blockNumber
eth_blockNumber
eth_blockNumber
eth_blockNumber
